Arguments: 
  C:\Program Files\nodejs\node.exe C:\Program Files (x86)\Yarn\bin\yarn.js init

PATH: 
  "C:\Program Files\Java\jdk-13.0.1\bin;";C:\Python38\Scripts\;C:\Python38\;C:\Program Files\Python35\Scripts\;C:\Program Files\Python35\;C:\Program Files (x86)\Intel\Intel(R) Management Engine Components\iCLS\;C:\Program Files\Intel\Intel(R) Management Engine Components\iCLS\;C:\Windows\system32;C:\Windows;C:\Windows\System32\Wbem;C:\Windows\System32\WindowsPowerShell\v1.0\;C:\Windows\System32\OpenSSH\;C:\Program Files (x86)\NVIDIA Corporation\PhysX\Common;C:\Program Files\Intel\WiFi\bin\;C:\Program Files\Common Files\Intel\WirelessCommon\;C:\Program Files (x86)\Intel\Intel(R) Management Engine Components\DAL;C:\Program Files\Intel\Intel(R) Management Engine Components\DAL;C:\Program Files (x86)\Intel\Intel(R) Management Engine Components\IPT;C:\Program Files\Intel\Intel(R) Management Engine Components\IPT;C:\Program Files\Zulu\zulu-8\bin\;C:\Program Files\Microsoft SQL Server\130\Tools\Binn\;C:\Program Files\Git\cmd;C:\Program Files\nodejs\;C:\Program Files (x86)\Yarn\bin\;C:\ProgramData\chocolatey\bin;C:\maven\apache-maven-3.6.3\bin;C:\Program Files\Docker\Docker\resources\bin;C:\ProgramData\DockerDesktop\version-bin;C:\Users\multicampus\AppData\Local\Microsoft\WindowsApps;C:\Program Files\Bandizip\;C:\Users\multicampus\AppData\Roaming\npm;C:\Users\multicampus\AppData\Local\Yarn\bin;C:\Users\multicampus\AppData\Local\Programs\Microsoft VS Code\bin

Yarn version: 
  1.22.4

Node version: 
  12.18.2

Platform: 
  win32 x64

Trace: 
  Error: EISDIR: illegal operation on a directory, read

npm manifest: 
  {
    "name": "prismagram",
    "version": "1.0.0",
    "description": "Instragram clone with Express + Prisma + React and React Native",
    "repository": "https://github.com/nomadcoders/prismagram",
    "author": "Nicolás Serrano Arévalo <itnico.las.me@gmail.com>",
    "license": "MIT",
    "dependencies": {
      "@babel/cli": "^7.4.4",
      "@babel/core": "^7.2.2",
      "@babel/node": "^7.2.2",
      "@babel/preset-env": "^7.3.1",
      "@babel/runtime": "^7.4.5",
      "aws-sdk": "^2.483.0",
      "copy": "^0.3.2",
      "dotenv": "^6.2.0",
      "graphql-tools": "^4.0.4",
      "graphql-yoga": "^1.17.4",
      "jsonwebtoken": "^8.4.0",
      "merge-graphql-schemas": "^1.5.8",
      "morgan": "^1.9.1",
      "multer": "^1.4.1",
      "multer-s3": "^2.9.0",
      "nodemailer": "^5.1.1",
      "nodemailer-mailgun-transport": "^2.0.0",
      "nodemailer-sendgrid-transport": "^0.2.0",
      "passport": "^0.4.0",
      "passport-jwt": "^4.0.0",
      "prisma": "^1.33.0",
      "prisma-client-lib": "^1.26.4",
      "yarn": "^1.22.4"
    },
    "devDependencies": {
      "@babel/plugin-transform-runtime": "^7.4.4",
      "nodemon": "^1.18.10"
    },
    "scripts": {
      "deploy": "prisma deploy",
      "generate": "prisma generate",
      "prisma": "yarn run deploy && yarn run generate",
      "dev": "nodemon --exec babel-node src/server.js",
      "prebuild": "yarn run generate",
      "build": "babel src -d build",
      "postbuild": "cd src && copy ./api/**/*.graphql ../build/api/",
      "start": "node build/server.js"
    }
  }

yarn manifest: 
  No manifest

Lockfile: 
  No lockfile
